0 info it worked if it ends with ok
1 verbose cli [ '/usr/bin/nodejs', '/usr/bin/npm', 'run', 'src' ]
2 info using npm@3.5.2
3 info using node@v4.2.6
4 verbose run-script [ 'presrc', 'src', 'postsrc' ]
5 info lifecycle extra@1.0.0~presrc: extra@1.0.0
6 silly lifecycle extra@1.0.0~presrc: no script for presrc, continuing
7 info lifecycle extra@1.0.0~src: extra@1.0.0
8 verbose lifecycle extra@1.0.0~src: unsafe-perm in lifecycle true
9 verbose lifecycle extra@1.0.0~src: PATH: /usr/share/npm/bin/node-gyp-bin:/home/ravi.chauhan/Documents/express/express-server/javascript-server/node_modules/.bin:/usr/local/sbin:/usr/local/bin:/usr/sbin:/usr/bin:/sbin:/bin:/snap/bin
10 verbose lifecycle extra@1.0.0~src: CWD: /home/ravi.chauhan/Documents/express/express-server/javascript-server
11 silly lifecycle extra@1.0.0~src: Args: [ '-c', 'tsc-watch --project . --onSuccess "npm run nodemon"' ]
12 info lifecycle extra@1.0.0~src: Failed to exec src script
13 verbose stack Error: extra@1.0.0 src: `tsc-watch --project . --onSuccess "npm run nodemon"`
13 verbose stack spawn ENOENT
13 verbose stack     at ChildProcess.<anonymous> (/usr/share/npm/lib/utils/spawn.js:17:16)
13 verbose stack     at emitTwo (events.js:87:13)
13 verbose stack     at ChildProcess.emit (events.js:172:7)
13 verbose stack     at maybeClose (internal/child_process.js:821:16)
13 verbose stack     at Process.ChildProcess._handle.onexit (internal/child_process.js:211:5)
14 verbose pkgid extra@1.0.0
15 verbose cwd /home/ravi.chauhan/Documents/express/express-server/javascript-server
16 error Linux 4.15.0-74-generic
17 error argv "/usr/bin/nodejs" "/usr/bin/npm" "run" "src"
18 error node v4.2.6
19 error npm  v3.5.2
20 error file sh
21 error code ELIFECYCLE
22 error errno ENOENT
23 error syscall spawn
24 error extra@1.0.0 src: `tsc-watch --project . --onSuccess "npm run nodemon"`
24 error spawn ENOENT
25 error Failed at the extra@1.0.0 src script 'tsc-watch --project . --onSuccess "npm run nodemon"'.
25 error Make sure you have the latest version of node.js and npm installed.
25 error If you do, this is most likely a problem with the extra package,
25 error not with npm itself.
25 error Tell the author that this fails on your system:
25 error     tsc-watch --project . --onSuccess "npm run nodemon"
25 error You can get information on how to open an issue for this project with:
25 error     npm bugs extra
25 error Or if that isn't available, you can get their info via:
25 error     npm owner ls extra
25 error There is likely additional logging output above.
26 verbose exit [ 1, true ]
